# JRE version: OpenJDK Runtime Environment (11.0.2+9) (build 11.0.2+9)
# Java VM: OpenJDK 64-Bit Server VM (11.0.2+9, mixed mode, tiered, compressed oops, g1 gc, windows-amd64)
Heap:
 garbage-first heap   total 432128K, used 149299K [0x0000000740000000, 0x0000000800000000)
  region size 1024K, 19 young (19456K), 3 survivors (3072K)
 Metaspace       used 100802K, capacity 102409K, committed 105756K, reserved 1140736K
  class space    used 13657K, capacity 14339K, committed 15564K, reserved 1048576K
GC Heap History (10 events):
Event: 3681.547 GC heap before
{Heap before GC invocations=786 (full 19):
 garbage-first heap   total 432128K, used 192691K [0x0000000740000000, 0x0000000800000000)
  region size 1024K, 60 young (61440K), 0 survivors (0K)
 Metaspace       used 100759K, capacity 102339K, committed 105756K, reserved 1140736K
  class space    used 13652K, capacity 14337K, committed 15564K, reserved 1048576K
}
Event: 3681.549 GC heap after
{Heap after GC invocations=787 (full 19):
 garbage-first heap   total 432128K, used 133835K [0x0000000740000000, 0x0000000800000000)
  region size 1024K, 2 young (2048K), 2 survivors (2048K)
 Metaspace       used 100759K, capacity 102339K, committed 105756K, reserved 1140736K
  class space    used 13652K, capacity 14337K, committed 15564K, reserved 1048576K
}
Event: 3681.967 GC heap before
{Heap before GC invocations=787 (full 19):
 garbage-first heap   total 432128K, used 192203K [0x0000000740000000, 0x0000000800000000)
  region size 1024K, 60 young (61440K), 2 survivors (2048K)
 Metaspace       used 100759K, capacity 102339K, committed 105756K, reserved 1140736K
  class space    used 13652K, capacity 14337K, committed 15564K, reserved 1048576K
}
Event: 3681.970 GC heap after
{Heap after GC invocations=788 (full 19):
 garbage-first heap   total 432128K, used 133865K [0x0000000740000000, 0x0000000800000000)
  region size 1024K, 2 young (2048K), 2 survivors (2048K)
 Metaspace       used 100759K, capacity 102339K, committed 105756K, reserved 1140736K
  class space    used 13652K, capacity 14337K, committed 15564K, reserved 1048576K
}
Event: 3682.354 GC heap before
{Heap before GC invocations=788 (full 19):
 garbage-first heap   total 432128K, used 192233K [0x0000000740000000, 0x0000000800000000)
  region size 1024K, 60 young (61440K), 2 survivors (2048K)
 Metaspace       used 100762K, capacity 102339K, committed 105756K, reserved 1140736K
  class space    used 13652K, capacity 14337K, committed 15564K, reserved 1048576K
}
Event: 3682.357 GC heap after
{Heap after GC invocations=789 (full 19):
 garbage-first heap   total 432128K, used 134350K [0x0000000740000000, 0x0000000800000000)
  region size 1024K, 3 young (3072K), 3 survivors (3072K)
 Metaspace       used 100762K, capacity 102339K, committed 105756K, reserved 1140736K
  class space    used 13652K, capacity 14337K, committed 15564K, reserved 1048576K
}
Event: 3682.683 GC heap before
{Heap before GC invocations=789 (full 19):
 garbage-first heap   total 432128K, used 191694K [0x0000000740000000, 0x0000000800000000)
  region size 1024K, 60 young (61440K), 3 survivors (3072K)
 Metaspace       used 100762K, capacity 102339K, committed 105756K, reserved 1140736K
  class space    used 13652K, capacity 14337K, committed 15564K, reserved 1048576K
}
Event: 3682.686 GC heap after
{Heap after GC invocations=790 (full 19):
 garbage-first heap   total 432128K, used 134615K [0x0000000740000000, 0x0000000800000000)
  region size 1024K, 3 young (3072K), 3 survivors (3072K)
 Metaspace       used 100762K, capacity 102339K, committed 105756K, reserved 1140736K
  class space    used 13652K, capacity 14337K, committed 15564K, reserved 1048576K
}
Event: 3683.106 GC heap before
{Heap before GC invocations=790 (full 19):
 garbage-first heap   total 432128K, used 191959K [0x0000000740000000, 0x0000000800000000)
  region size 1024K, 60 young (61440K), 3 survivors (3072K)
 Metaspace       used 100774K, capacity 102339K, committed 105756K, reserved 1140736K
  class space    used 13652K, capacity 14337K, committed 15564K, reserved 1048576K
}
Event: 3683.110 GC heap after
{Heap after GC invocations=791 (full 19):
 garbage-first heap   total 432128K, used 134963K [0x0000000740000000, 0x0000000800000000)
  region size 1024K, 3 young (3072K), 3 survivors (3072K)
 Metaspace       used 100774K, capacity 102339K, committed 105756K, reserved 1140736K
  class space    used 13652K, capacity 14337K, committed 15564K, reserved 1048576K
}

